android/app/build/intermediates/manifest_merge_blame_file/debug/processDebugMainManifest/manifest-merger-blame-debug-report.txt
1<?xml version="1.0" encoding="utf-8"?>
2<manifest xmlns:android="http://schemas.android.com/apk/res/android"
3    package="cr.ac.una.glifo"
4    android:versionCode="1"
5    android:versionName="1.0" >
6
7    <uses-sdk
7-->INJECTED
8        android:minSdkVersion="26"
8-->INJECTED
9        android:targetSdkVersion="37" />
9-->INJECTED
10
11    <uses-feature
11-->src\main\AndroidManifest.xml:10:5-85
12        android:name="android.hardware.camera"
12-->src\main\AndroidManifest.xml:10:19-57
13        android:required="false" />
13-->src\main\AndroidManifest.xml:10:58-82
14
15    <uses-permission android:name="android.permission.INTERNET" />
15-->src\main\AndroidManifest.xml:11:5-67
15-->src\main\AndroidManifest.xml:11:22-64
16    <uses-permission android:name="android.permission.CAMERA" />
16-->src\main\AndroidManifest.xml:12:5-65
16-->src\main\AndroidManifest.xml:12:22-62
17    <uses-permission android:name="android.permission.WAKE_LOCK" />
17-->[androidx.work:work-runtime:2.11.2] AndroidManifest.xml:23:5-68
17-->[androidx.work:work-runtime:2.11.2] AndroidManifest.xml:23:22-65
18    <uses-permission android:name="android.permission.ACCESS_NETWORK_STATE" />
18-->[androidx.work:work-runtime:2.11.2] AndroidManifest.xml:24:5-79
18-->[androidx.work:work-runtime:2.11.2] AndroidManifest.xml:24:22-76
19    <uses-permission android:name="android.permission.RECEIVE_BOOT_COMPLETED" />
19-->[androidx.work:work-runtime:2.11.2] AndroidManifest.xml:25:5-81
19-->[androidx.work:work-runtime:2.11.2] AndroidManifest.xml:25:22-78
20    <uses-permission android:name="android.permission.FOREGROUND_SERVICE" />
20-->[androidx.work:work-runtime:2.11.2] AndroidManifest.xml:26:5-77
20-->[androidx.work:work-runtime:2.11.2] AndroidManifest.xml:26:22-74
21
22    <permission
22-->[androidx.core:core:1.19.0] AndroidManifest.xml:22:5-24:47
23        android:name="cr.ac.una.glifo.DYNAMIC_RECEIVER_NOT_EXPORTED_PERMISSION"
23-->[androidx.core:core:1.19.0] AndroidManifest.xml:23:9-81
24        android:protectionLevel="signature" />
24-->[androidx.core:core:1.19.0] AndroidManifest.xml:24:9-44
25
26    <uses-permission android:name="cr.ac.una.glifo.DYNAMIC_RECEIVER_NOT_EXPORTED_PERMISSION" />
26-->[androidx.core:core:1.19.0] AndroidManifest.xml:26:5-97
26-->[androidx.core:core:1.19.0] AndroidManifest.xml:26:22-94
27
28    <application
28-->src\main\AndroidManifest.xml:14:5-30:19
29        android:name="cr.ac.una.glifo.GlifoApplication"
29-->src\main\AndroidManifest.xml:15:9-41
30        android:allowBackup="true"
30-->src\main\AndroidManifest.xml:16:9-35
31        android:appComponentFactory="androidx.core.app.CoreComponentFactory"
31-->[androidx.core:core:1.19.0] AndroidManifest.xml:28:18-86
32        android:debuggable="true"
33        android:extractNativeLibs="false"
33-->INJECTED
34        android:label="@string/app_name"
34-->src\main\AndroidManifest.xml:17:9-41
35        android:supportsRtl="true"
35-->src\main\AndroidManifest.xml:18:9-35
36        android:theme="@style/Theme.Glifo" >
36-->src\main\AndroidManifest.xml:19:9-43
37        <activity
37-->src\main\AndroidManifest.xml:21:9-29:20
38            android:name="cr.ac.una.glifo.MainActivity"
38-->src\main\AndroidManifest.xml:22:13-41
39            android:exported="true"
39-->src\main\AndroidManifest.xml:23:13-36
40            android:theme="@style/Theme.Glifo" >
40-->src\main\AndroidManifest.xml:24:13-47
41            <intent-filter>
41-->src\main\AndroidManifest.xml:25:13-28:29
42                <action android:name="android.intent.action.MAIN" />
42-->src\main\AndroidManifest.xml:26:17-69
42-->src\main\AndroidManifest.xml:26:25-66
43
44                <category android:name="android.intent.category.LAUNCHER" />
44-->src\main\AndroidManifest.xml:27:17-77
44-->src\main\AndroidManifest.xml:27:27-74
45            </intent-filter>
46        </activity>
47        <activity
47-->[androidx.compose.ui:ui-tooling-android:1.12.0] AndroidManifest.xml:23:9-25:39
48            android:name="androidx.compose.ui.tooling.PreviewActivity"
48-->[androidx.compose.ui:ui-tooling-android:1.12.0] AndroidManifest.xml:24:13-71
49            android:exported="true" />
49-->[androidx.compose.ui:ui-tooling-android:1.12.0] AndroidManifest.xml:25:13-36
50
51        <service
51-->[androidx.camera:camera-camera2:1.6.1] AndroidManifest.xml:24:9-33:19
52            android:name="androidx.camera.core.impl.MetadataHolderService"
52-->[androidx.camera:camera-camera2:1.6.1] AndroidManifest.xml:25:13-75
53            android:enabled="false"
53-->[androidx.camera:camera-camera2:1.6.1] AndroidManifest.xml:26:13-36
54            android:exported="false" >
54-->[androidx.camera:camera-camera2:1.6.1] AndroidManifest.xml:27:13-37
55            <meta-data
55-->[androidx.camera:camera-camera2:1.6.1] AndroidManifest.xml:30:13-32:89
56                android:name="androidx.camera.core.impl.MetadataHolderService.DEFAULT_CONFIG_PROVIDER"
56-->[androidx.camera:camera-camera2:1.6.1] AndroidManifest.xml:31:17-103
57                android:value="androidx.camera.camera2.Camera2Config$DefaultProvider" />
57-->[androidx.camera:camera-camera2:1.6.1] AndroidManifest.xml:32:17-86
58        </service>
59
60        <provider
60-->[androidx.work:work-runtime:2.11.2] AndroidManifest.xml:29:9-37:20
61            android:name="androidx.startup.InitializationProvider"
61-->[androidx.work:work-runtime:2.11.2] AndroidManifest.xml:30:13-67
62            android:authorities="cr.ac.una.glifo.androidx-startup"
62-->[androidx.work:work-runtime:2.11.2] AndroidManifest.xml:31:13-68
63            android:exported="false" >
63-->[androidx.work:work-runtime:2.11.2] AndroidManifest.xml:32:13-37
64            <meta-data
64-->[androidx.work:work-runtime:2.11.2] AndroidManifest.xml:34:13-36:52
65                android:name="androidx.work.WorkManagerInitializer"
65-->[androidx.work:work-runtime:2.11.2] AndroidManifest.xml:35:17-68
66                android:value="androidx.startup" />
66-->[androidx.work:work-runtime:2.11.2] AndroidManifest.xml:36:17-49
67            <meta-data
67-->[androidx.emoji2:emoji2:1.4.0] AndroidManifest.xml:29:13-31:52
68                android:name="androidx.emoji2.text.EmojiCompatInitializer"
68-->[androidx.emoji2:emoji2:1.4.0] AndroidManifest.xml:30:17-75
69                android:value="androidx.startup" />
69-->[androidx.emoji2:emoji2:1.4.0] AndroidManifest.xml:31:17-49
70            <meta-data
70-->[androidx.lifecycle:lifecycle-process:2.11.0] AndroidManifest.xml:29:13-31:52
71                android:name="androidx.lifecycle.ProcessLifecycleInitializer"
71-->[androidx.lifecycle:lifecycle-process:2.11.0] AndroidManifest.xml:30:17-78
72                android:value="androidx.startup" />
72-->[androidx.lifecycle:lifecycle-process:2.11.0] AndroidManifest.xml:31:17-49
73            <meta-data
73-->[androidx.profileinstaller:profileinstaller:1.4.0] AndroidManifest.xml:29:13-31:52
74                android:name="androidx.profileinstaller.ProfileInstallerInitializer"
74-->[androidx.profileinstaller:profileinstaller:1.4.0] AndroidManifest.xml:30:17-85
75                android:value="androidx.startup" />
75-->[androidx.profileinstaller:profileinstaller:1.4.0] AndroidManifest.xml:31:17-49
76            <meta-data
76-->[com.squareup.okhttp3:okhttp-android:5.5.0] AndroidManifest.xml:16:13-18:52
77                android:name="okhttp3.internal.platform.PlatformInitializer"
77-->[com.squareup.okhttp3:okhttp-android:5.5.0] AndroidManifest.xml:17:17-77
78                android:value="androidx.startup" />
78-->[com.squareup.okhttp3:okhttp-android:5.5.0] AndroidManifest.xml:18:17-49
79        </provider>
80
81        <service
81-->[androidx.work:work-runtime:2.11.2] AndroidManifest.xml:39:9-45:35
82            android:name="androidx.work.impl.background.systemjob.SystemJobService"
82-->[androidx.work:work-runtime:2.11.2] AndroidManifest.xml:40:13-84
83            android:directBootAware="false"
83-->[androidx.work:work-runtime:2.11.2] AndroidManifest.xml:41:13-44
84            android:enabled="@bool/enable_system_job_service_default"
84-->[androidx.work:work-runtime:2.11.2] AndroidManifest.xml:42:13-70
85            android:exported="true"
85-->[androidx.work:work-runtime:2.11.2] AndroidManifest.xml:43:13-36
86            android:permission="android.permission.BIND_JOB_SERVICE" />
86-->[androidx.work:work-runtime:2.11.2] AndroidManifest.xml:44:13-69
87        <service
87-->[androidx.work:work-runtime:2.11.2] AndroidManifest.xml:46:9-52:35
88            android:name="androidx.work.impl.foreground.SystemForegroundService"
88-->[androidx.work:work-runtime:2.11.2] AndroidManifest.xml:47:13-81
89            android:directBootAware="false"
89-->[androidx.work:work-runtime:2.11.2] AndroidManifest.xml:48:13-44
90            android:enabled="@bool/enable_system_foreground_service_default"
90-->[androidx.work:work-runtime:2.11.2] AndroidManifest.xml:49:13-77
91            android:exported="false" />
91-->[androidx.work:work-runtime:2.11.2] AndroidManifest.xml:50:13-37
92
93        <receiver
93-->[androidx.work:work-runtime:2.11.2] AndroidManifest.xml:54:9-59:35
94            android:name="androidx.work.impl.utils.ForceStopRunnable$BroadcastReceiver"
94-->[androidx.work:work-runtime:2.11.2] AndroidManifest.xml:55:13-88
95            android:directBootAware="false"
95-->[androidx.work:work-runtime:2.11.2] AndroidManifest.xml:56:13-44
96            android:enabled="true"
96-->[androidx.work:work-runtime:2.11.2] AndroidManifest.xml:57:13-35
97            android:exported="false" />
97-->[androidx.work:work-runtime:2.11.2] AndroidManifest.xml:58:13-37
98        <receiver
98-->[androidx.work:work-runtime:2.11.2] AndroidManifest.xml:60:9-69:20
99            android:name="androidx.work.impl.background.systemalarm.RescheduleReceiver"
99-->[androidx.work:work-runtime:2.11.2] AndroidManifest.xml:61:13-88
100            android:directBootAware="false"
100-->[androidx.work:work-runtime:2.11.2] AndroidManifest.xml:62:13-44
101            android:enabled="false"
101-->[androidx.work:work-runtime:2.11.2] AndroidManifest.xml:63:13-36
102            android:exported="false" >
102-->[androidx.work:work-runtime:2.11.2] AndroidManifest.xml:64:13-37
103            <intent-filter>
103-->[androidx.work:work-runtime:2.11.2] AndroidManifest.xml:66:13-68:29
104                <action android:name="android.intent.action.BOOT_COMPLETED" />
104-->[androidx.work:work-runtime:2.11.2] AndroidManifest.xml:67:17-79
104-->[androidx.work:work-runtime:2.11.2] AndroidManifest.xml:67:25-76
105            </intent-filter>
106        </receiver>
107        <receiver
107-->[androidx.work:work-runtime:2.11.2] AndroidManifest.xml:70:9-80:20
108            android:name="androidx.work.impl.diagnostics.DiagnosticsReceiver"
108-->[androidx.work:work-runtime:2.11.2] AndroidManifest.xml:71:13-78
109            android:directBootAware="false"
109-->[androidx.work:work-runtime:2.11.2] AndroidManifest.xml:72:13-44
110            android:enabled="true"
110-->[androidx.work:work-runtime:2.11.2] AndroidManifest.xml:73:13-35
111            android:exported="true"
111-->[androidx.work:work-runtime:2.11.2] AndroidManifest.xml:74:13-36
112            android:permission="android.permission.DUMP" >
112-->[androidx.work:work-runtime:2.11.2] AndroidManifest.xml:75:13-57
113            <intent-filter>
113-->[androidx.work:work-runtime:2.11.2] AndroidManifest.xml:77:13-79:29
114                <action android:name="androidx.work.diagnostics.REQUEST_DIAGNOSTICS" />
114-->[androidx.work:work-runtime:2.11.2] AndroidManifest.xml:78:17-88
114-->[androidx.work:work-runtime:2.11.2] AndroidManifest.xml:78:25-85
115            </intent-filter>
116        </receiver>
117
118        <uses-library
118-->[androidx.window:window:1.5.0] AndroidManifest.xml:23:9-25:40
119            android:name="androidx.window.extensions"
119-->[androidx.window:window:1.5.0] AndroidManifest.xml:24:13-54
120            android:required="false" />
120-->[androidx.window:window:1.5.0] AndroidManifest.xml:25:13-37
121        <uses-library
121-->[androidx.window:window:1.5.0] AndroidManifest.xml:26:9-28:40
122            android:name="androidx.window.sidecar"
122-->[androidx.window:window:1.5.0] AndroidManifest.xml:27:13-51
123            android:required="false" />
123-->[androidx.window:window:1.5.0] AndroidManifest.xml:28:13-37
124
125        <activity
125-->[androidx.compose.ui:ui-test-manifest:1.12.0] AndroidManifest.xml:23:9-26:79
126            android:name="androidx.activity.ComponentActivity"
126-->[androidx.compose.ui:ui-test-manifest:1.12.0] AndroidManifest.xml:24:13-63
127            android:exported="true"
127-->[androidx.compose.ui:ui-test-manifest:1.12.0] AndroidManifest.xml:25:13-36
128            android:theme="@android:style/Theme.Material.Light.NoActionBar" />
128-->[androidx.compose.ui:ui-test-manifest:1.12.0] AndroidManifest.xml:26:13-76
129
130        <service
130-->[androidx.room:room-runtime-android:2.8.4] AndroidManifest.xml:24:9-28:63
131            android:name="androidx.room.MultiInstanceInvalidationService"
131-->[androidx.room:room-runtime-android:2.8.4] AndroidManifest.xml:25:13-74
132            android:directBootAware="true"
132-->[androidx.room:room-runtime-android:2.8.4] AndroidManifest.xml:26:13-43
133            android:exported="false" />
133-->[androidx.room:room-runtime-android:2.8.4] AndroidManifest.xml:27:13-37
134
135        <receiver
135-->[androidx.profileinstaller:profileinstaller:1.4.0] AndroidManifest.xml:34:9-52:20
136            android:name="androidx.profileinstaller.ProfileInstallReceiver"
136-->[androidx.profileinstaller:profileinstaller:1.4.0] AndroidManifest.xml:35:13-76
137            android:directBootAware="false"
137-->[androidx.profileinstaller:profileinstaller:1.4.0] AndroidManifest.xml:36:13-44
138            android:enabled="true"
138-->[androidx.profileinstaller:profileinstaller:1.4.0] AndroidManifest.xml:37:13-35
139            android:exported="true"
139-->[androidx.profileinstaller:profileinstaller:1.4.0] AndroidManifest.xml:38:13-36
140            android:permission="android.permission.DUMP" >
140-->[androidx.profileinstaller:profileinstaller:1.4.0] AndroidManifest.xml:39:13-57
141            <intent-filter>
141-->[androidx.profileinstaller:profileinstaller:1.4.0] AndroidManifest.xml:40:13-42:29
142                <action android:name="androidx.profileinstaller.action.INSTALL_PROFILE" />
142-->[androidx.profileinstaller:profileinstaller:1.4.0] AndroidManifest.xml:41:17-91
142-->[androidx.profileinstaller:profileinstaller:1.4.0] AndroidManifest.xml:41:25-88
143            </intent-filter>
144            <intent-filter>
144-->[androidx.profileinstaller:profileinstaller:1.4.0] AndroidManifest.xml:43:13-45:29
145                <action android:name="androidx.profileinstaller.action.SKIP_FILE" />
145-->[androidx.profileinstaller:profileinstaller:1.4.0] AndroidManifest.xml:44:17-85
145-->[androidx.profileinstaller:profileinstaller:1.4.0] AndroidManifest.xml:44:25-82
146            </intent-filter>
147            <intent-filter>
147-->[androidx.profileinstaller:profileinstaller:1.4.0] AndroidManifest.xml:46:13-48:29
148                <action android:name="androidx.profileinstaller.action.SAVE_PROFILE" />
148-->[androidx.profileinstaller:profileinstaller:1.4.0] AndroidManifest.xml:47:17-88
148-->[androidx.profileinstaller:profileinstaller:1.4.0] AndroidManifest.xml:47:25-85
149            </intent-filter>
150            <intent-filter>
150-->[androidx.profileinstaller:profileinstaller:1.4.0] AndroidManifest.xml:49:13-51:29
151                <action android:name="androidx.profileinstaller.action.BENCHMARK_OPERATION" />
151-->[androidx.profileinstaller:profileinstaller:1.4.0] AndroidManifest.xml:50:17-95
151-->[androidx.profileinstaller:profileinstaller:1.4.0] AndroidManifest.xml:50:25-92
152            </intent-filter>
153        </receiver>
154    </application>
155
156</manifest>